<?xml version="1.0" encoding="UTF-8"?>
<testng-results skipped="0" failed="0" total="1" passed="1">
  <reporter-output>
  </reporter-output>
  <suite name="JenkinsTest.TestRunJenkins" duration-ms="12869" started-at="2018-11-25T14:47:06Z" finished-at="2018-11-25T14:47:19Z">
    <groups>
    </groups>
    <test name="Command line test" duration-ms="12869" started-at="2018-11-25T14:47:06Z" finished-at="2018-11-25T14:47:19Z">
      <class name="JenkinsTest.TestRunJenkins">
        <test-method status="PASS" signature="test()[pri:0, instance:JenkinsTest.TestRunJenkins@dfd3711]" name="test" duration-ms="12850" started-at="2018-11-25T20:17:06Z" finished-at="2018-11-25T20:17:19Z">
          <reporter-output>
          </reporter-output>
        </test-method> <!-- test -->
      </class> <!-- JenkinsTest.TestRunJenkins -->
    </test> <!-- Command line test -->
  </suite> <!-- JenkinsTest.TestRunJenkins -->
</testng-results>
