<?xml version="1.0" encoding="UTF-8"?>
<testng-results skipped="0" failed="0" total="1" passed="1">
  <reporter-output>
  </reporter-output>
  <suite name="Default suite" duration-ms="12621" started-at="2018-11-25T14:17:50Z" finished-at="2018-11-25T14:18:03Z">
    <groups>
    </groups>
    <test name="Default test" duration-ms="12621" started-at="2018-11-25T14:17:50Z" finished-at="2018-11-25T14:18:03Z">
      <class name="JenkinsTest.TestRunJenkins">
        <test-method status="PASS" signature="test()[pri:0, instance:JenkinsTest.TestRunJenkins@523884b2]" name="test" duration-ms="12117" started-at="2018-11-25T19:47:50Z" finished-at="2018-11-25T19:48:02Z">
          <reporter-output>
          </reporter-output>
        </test-method> <!-- test -->
      </class> <!-- JenkinsTest.TestRunJenkins -->
    </test> <!-- Default test -->
  </suite> <!-- Default suite -->
</testng-results>
